0 info it worked if it ends with ok
1 verbose cli [ '/Users/ryan/.nvm/versions/node/v6.11.1/bin/node',
1 verbose cli   '/Users/ryan/.nvm/versions/node/v6.11.1/bin/npm',
1 verbose cli   'run',
1 verbose cli   'build:css' ]
2 info using npm@3.10.10
3 info using node@v6.11.1
4 verbose stack Error: missing script: build:css
4 verbose stack     at run (/Users/ryan/.nvm/versions/node/v6.11.1/lib/node_modules/npm/lib/run-script.js:151:19)
4 verbose stack     at /Users/ryan/.nvm/versions/node/v6.11.1/lib/node_modules/npm/lib/run-script.js:61:5
4 verbose stack     at /Users/ryan/.nvm/versions/node/v6.11.1/lib/node_modules/npm/node_modules/read-package-json/read-json.js:356:5
4 verbose stack     at checkBinReferences_ (/Users/ryan/.nvm/versions/node/v6.11.1/lib/node_modules/npm/node_modules/read-package-json/read-json.js:320:45)
4 verbose stack     at final (/Users/ryan/.nvm/versions/node/v6.11.1/lib/node_modules/npm/node_modules/read-package-json/read-json.js:354:3)
4 verbose stack     at then (/Users/ryan/.nvm/versions/node/v6.11.1/lib/node_modules/npm/node_modules/read-package-json/read-json.js:124:5)
4 verbose stack     at /Users/ryan/.nvm/versions/node/v6.11.1/lib/node_modules/npm/node_modules/read-package-json/read-json.js:311:12
4 verbose stack     at /Users/ryan/.nvm/versions/node/v6.11.1/lib/node_modules/npm/node_modules/graceful-fs/graceful-fs.js:78:16
4 verbose stack     at tryToString (fs.js:456:3)
4 verbose stack     at FSReqWrap.readFileAfterClose [as oncomplete] (fs.js:443:12)
5 verbose cwd /Users/ryan/Documents/projects/neopixel_clock
6 error Darwin 17.3.0
7 error argv "/Users/ryan/.nvm/versions/node/v6.11.1/bin/node" "/Users/ryan/.nvm/versions/node/v6.11.1/bin/npm" "run" "build:css"
8 error node v6.11.1
9 error npm  v3.10.10
10 error missing script: build:css
11 error If you need help, you may report this error at:
11 error     <https://github.com/npm/npm/issues>
12 verbose exit [ 1, true ]
